<?xml version="1.0" encoding="UTF-8"?>
<!-- Generated by org.testng.reporters.JUnitXMLReporter -->
<testsuite ignored="1" hostname="MYSHEC312283L" failures="0" tests="1" name="TestGoogle" time="24.194" errors="0" timestamp="2024-01-26T19:38:54 EST">
  <testcase classname="com.hyr.Tests.FirstTest" name="TestGoogle" time="24.187"/>
  <testcase classname="com.hyr.Tests.FirstTest" name="TestRetroTool" time="0.0">
    <ignored/>
  </testcase> <!-- TestRetroTool -->
</testsuite> <!-- TestGoogle -->
